<?xml version="1.0" encoding="UTF-8"?>
<coverage generated="1724440621021" clover="3.2.0">
  <project timestamp="1724440621022" name="All files">
    <metrics statements="11" coveredstatements="10" conditionals="7" coveredconditionals="6" methods="2" coveredmethods="2" elements="20" coveredelements="18" complexity="0" loc="11" ncloc="11" packages="1" files="2" classes="2"/>
    <file name="calculadora.js" path="C:\Users\Usuario\Desktop\jest\jest-testing-project\src\calculadora.js">
      <metrics statements="8" coveredstatements="7" conditionals="7" coveredconditionals="6" methods="1" coveredmethods="1"/>
      <line num="3" count="5" type="cond" truecount="4" falsecount="1"/>
      <line num="5" count="1" type="stmt"/>
      <line num="7" count="1" type="stmt"/>
      <line num="9" count="1" type="stmt"/>
      <line num="11" count="2" type="cond" truecount="2" falsecount="0"/>
      <line num="12" count="1" type="stmt"/>
      <line num="14" count="0" type="stmt"/>
      <line num="18" count="1" type="stmt"/>
    </file>
    <file name="ePalindromo.js" path="C:\Users\Usuario\Desktop\jest\jest-testing-project\src\ePalindromo.js">
      <metrics statements="3" coveredstatements="3" conditionals="0" coveredconditionals="0" methods="1" coveredmethods="1"/>
      <line num="3" count="3" type="stmt"/>
      <line num="4" count="3" type="stmt"/>
      <line num="7" count="1" type="stmt"/>
    </file>
  </project>
</coverage>
