{"C:\\Users\\Usuario\\Desktop\\jest\\jest-testing-project\\src\\calculadora.js": {"path":"C:\\Users\\Usuario\\Desktop\\jest\\jest-testing-project\\src\\calculadora.js","statementMap":{"0":{"start":{"line":3,"column":4},"end":{"line":15,"column":5}},"1":{"start":{"line":5,"column":8},"end":{"line":5,"column":21}},"2":{"start":{"line":7,"column":8},"end":{"line":7,"column":21}},"3":{"start":{"line":9,"column":8},"end":{"line":9,"column":21}},"4":{"start":{"line":11,"column":8},"end":{"line":11,"column":53}},"5":{"start":{"line":11,"column":21},"end":{"line":11,"column":53}},"6":{"start":{"line":12,"column":8},"end":{"line":12,"column":21}},"7":{"start":{"line":14,"column":8},"end":{"line":14,"column":35}},"8":{"start":{"line":18,"column":2},"end":{"line":18,"column":31}}},"fnMap":{"0":{"name":"calculadora","decl":{"start":{"line":2,"column":9},"end":{"line":2,"column":20}},"loc":{"start":{"line":2,"column":37},"end":{"line":16,"column":3}},"line":2}},"branchMap":{"0":{"loc":{"start":{"line":3,"column":4},"end":{"line":15,"column":5}},"type":"switch","locations":[{"start":{"line":4,"column":6},"end":{"line":5,"column":21}},{"start":{"line":6,"column":6},"end":{"line":7,"column":21}},{"start":{"line":8,"column":6},"end":{"line":9,"column":21}},{"start":{"line":10,"column":6},"end":{"line":12,"column":21}},{"start":{"line":13,"column":6},"end":{"line":14,"column":35}}],"line":3},"1":{"loc":{"start":{"line":11,"column":8},"end":{"line":11,"column":53}},"type":"if","locations":[{"start":{"line":11,"column":8},"end":{"line":11,"column":53}},{"start":{},"end":{}}],"line":11}},"s":{"0":5,"1":1,"2":1,"3":1,"4":2,"5":1,"6":1,"7":0,"8":1},"f":{"0":5},"b":{"0":[1,1,1,2,0],"1":[1,1]},"_coverageSchema":"1a1c01bbd47fc00a2c39e90264f33305004495a9","hash":"8fc301400257a868916f7d244f3258b7fc5be5f0"}
,"C:\\Users\\Usuario\\Desktop\\jest\\jest-testing-project\\src\\ePalindromo.js": {"path":"C:\\Users\\Usuario\\Desktop\\jest\\jest-testing-project\\src\\ePalindromo.js","statementMap":{"0":{"start":{"line":3,"column":18},"end":{"line":3,"column":64}},"1":{"start":{"line":4,"column":4},"end":{"line":4,"column":56}},"2":{"start":{"line":7,"column":2},"end":{"line":7,"column":31}}},"fnMap":{"0":{"name":"ePalindromo","decl":{"start":{"line":2,"column":9},"end":{"line":2,"column":20}},"loc":{"start":{"line":2,"column":26},"end":{"line":5,"column":3}},"line":2}},"branchMap":{},"s":{"0":3,"1":3,"2":1},"f":{"0":3},"b":{},"_coverageSchema":"1a1c01bbd47fc00a2c39e90264f33305004495a9","hash":"3829b55c690110c2337413c1002eaa4437333901"}
}
